
2026-02-06 08:43:30,424 - ERROR - Internal Server Error: /
Traceback (most recent call last):
  File "/Users/suyogkhadka/Desktop/my website/bphotel/bphotel_project/myenv/lib/python3.14/site-packages/django/core/handlers/exception.py", line 55, in inner
    response = get_response(request)
  File "/Users/suyogkhadka/Desktop/my website/bphotel/bphotel_project/myenv/lib/python3.14/site-packages/django/core/handlers/base.py", line 198, in _get_response
    response = wrapped_callback(request, *callback_args, **callback_kwargs)
  File "/Users/suyogkhadka/Desktop/my website/bphotel/bphotel_project/app/views.py", line 29, in home
    return render(request,'bphotel/home.html')
  File "/Users/suyogkhadka/Desktop/my website/bphotel/bphotel_project/myenv/lib/python3.14/site-packages/django/shortcuts.py", line 25, in render
    content = loader.render_to_string(template_name, context, request, using=using)
  File "/Users/suyogkhadka/Desktop/my website/bphotel/bphotel_project/myenv/lib/python3.14/site-packages/django/template/loader.py", line 62, in render_to_string
    return template.render(context, request)
           ~~~~~~~~~~~~~~~^^^^^^^^^^^^^^^^^^
  File "/Users/suyogkhadka/Desktop/my website/bphotel/bphotel_project/myenv/lib/python3.14/site-packages/django/template/backends/django.py", line 107, in render
    return self.template.render(context)
           ~~~~~~~~~~~~~~~~~~~~^^^^^^^^^
  File "/Users/suyogkhadka/Desktop/my website/bphotel/bphotel_project/myenv/lib/python3.14/site-packages/django/template/base.py", line 174, in render
    return self._render(context)
           ~~~~~~~~~~~~^^^^^^^^^
  File "/Users/suyogkhadka/Desktop/my website/bphotel/bphotel_project/myenv/lib/python3.14/site-packages/django/template/base.py", line 166, in _render
    return self.nodelist.render(context)
           ~~~~~~~~~~~~~~~~~~~~^^^^^^^^^
  File "/Users/suyogkhadka/Desktop/my website/bphotel/bphotel_project/myenv/lib/python3.14/site-packages/django/template/base.py", line 1091, in render
    return SafeString("".join([node.render_annotated(context) for node in self]))
                               ~~~~~~~~~~~~~~~~~~~~~^^^^^^^^^
  File "/Users/suyogkhadka/Desktop/my website/bphotel/bphotel_project/myenv/lib/python3.14/site-packages/django/template/base.py", line 1052, in render_annotated
    return self.render(context)
           ~~~~~~~~~~~^^^^^^^^^
  File "/Users/suyogkhadka/Desktop/my website/bphotel/bphotel_project/myenv/lib/python3.14/site-packages/django/template/loader_tags.py", line 160, in render
    return compiled_parent._render(context)
           ~~~~~~~~~~~~~~~~~~~~~~~^^^^^^^^^
  File "/Users/suyogkhadka/Desktop/my website/bphotel/bphotel_project/myenv/lib/python3.14/site-packages/django/template/base.py", line 166, in _render
    return self.nodelist.render(context)
           ~~~~~~~~~~~~~~~~~~~~^^^^^^^^^
  File "/Users/suyogkhadka/Desktop/my website/bphotel/bphotel_project/myenv/lib/python3.14/site-packages/django/template/base.py", line 1091, in render
    return SafeString("".join([node.render_annotated(context) for node in self]))
                               ~~~~~~~~~~~~~~~~~~~~~^^^^^^^^^
  File "/Users/suyogkhadka/Desktop/my website/bphotel/bphotel_project/myenv/lib/python3.14/site-packages/django/template/base.py", line 1052, in render_annotated
    return self.render(context)
           ~~~~~~~~~~~^^^^^^^^^
  File "/Users/suyogkhadka/Desktop/my website/bphotel/bphotel_project/myenv/lib/python3.14/site-packages/django/template/loader_tags.py", line 66, in render
    result = block.nodelist.render(context)
  File "/Users/suyogkhadka/Desktop/my website/bphotel/bphotel_project/myenv/lib/python3.14/site-packages/django/template/base.py", line 1091, in render
    return SafeString("".join([node.render_annotated(context) for node in self]))
                               ~~~~~~~~~~~~~~~~~~~~~^^^^^^^^^
  File "/Users/suyogkhadka/Desktop/my website/bphotel/bphotel_project/myenv/lib/python3.14/site-packages/django/template/base.py", line 1052, in render_annotated
    return self.render(context)
           ~~~~~~~~~~~^^^^^^^^^
  File "/Users/suyogkhadka/Desktop/my website/bphotel/bphotel_project/myenv/lib/python3.14/site-packages/django/template/defaulttags.py", line 511, in render
    url = reverse(view_name, args=args, kwargs=kwargs, current_app=current_app)
  File "/Users/suyogkhadka/Desktop/my website/bphotel/bphotel_project/myenv/lib/python3.14/site-packages/django/urls/base.py", line 98, in reverse
    resolved_url = resolver._reverse_with_prefix(view, prefix, *args, **kwargs)
  File "/Users/suyogkhadka/Desktop/my website/bphotel/bphotel_project/myenv/lib/python3.14/site-packages/django/urls/resolvers.py", line 842, in _reverse_with_prefix
    raise NoReverseMatch(msg)
django.urls.exceptions.NoReverseMatch: Reverse for 'reservations' not found. 'reservations' is not a valid view function or pattern name.
2026-02-06 08:43:30,427 - ERROR - "GET / HTTP/1.1" 500 150908
2026-02-06 17:01:43,477 - ERROR - Internal Server Error: /
Traceback (most recent call last):
  File "/Library/Frameworks/Python.framework/Versions/3.14/lib/python3.14/site-packages/django/template/base.py", line 577, in parse
    compile_func = self.tags[command]
                   ~~~~~~~~~^^^^^^^^^
KeyError: 'static'

During handling of the above exception, another exception occurred:

Traceback (most recent call last):
  File "/Library/Frameworks/Python.framework/Versions/3.14/lib/python3.14/site-packages/django/core/handlers/exception.py", line 55, in inner
    response = get_response(request)
  File "/Library/Frameworks/Python.framework/Versions/3.14/lib/python3.14/site-packages/django/core/handlers/base.py", line 198, in _get_response
    response = wrapped_callback(request, *callback_args, **callback_kwargs)
  File "/Users/suyogkhadka/Desktop/my website/bphotel/bphotel_project/app/views.py", line 29, in home
    return render(request,'bphotel/home.html')
  File "/Library/Frameworks/Python.framework/Versions/3.14/lib/python3.14/site-packages/django/shortcuts.py", line 25, in render
    content = loader.render_to_string(template_name, context, request, using=using)
  File "/Library/Frameworks/Python.framework/Versions/3.14/lib/python3.14/site-packages/django/template/loader.py", line 61, in render_to_string
    template = get_template(template_name, using=using)
  File "/Library/Frameworks/Python.framework/Versions/3.14/lib/python3.14/site-packages/django/template/loader.py", line 15, in get_template
    return engine.get_template(template_name)
           ~~~~~~~~~~~~~~~~~~~^^^^^^^^^^^^^^^
  File "/Library/Frameworks/Python.framework/Versions/3.14/lib/python3.14/site-packages/django/template/backends/django.py", line 79, in get_template
    return Template(self.engine.get_template(template_name), self)
                    ~~~~~~~~~~~~~~~~~~~~~~~~^^^^^^^^^^^^^^^
  File "/Library/Frameworks/Python.framework/Versions/3.14/lib/python3.14/site-packages/django/template/engine.py", line 186, in get_template
    template, origin = self.find_template(template_name)
                       ~~~~~~~~~~~~~~~~~~^^^^^^^^^^^^^^^
  File "/Library/Frameworks/Python.framework/Versions/3.14/lib/python3.14/site-packages/django/template/engine.py", line 159, in find_template
    template = loader.get_template(name, skip=skip)
  File "/Library/Frameworks/Python.framework/Versions/3.14/lib/python3.14/site-packages/django/template/loaders/cached.py", line 57, in get_template
    template = super().get_template(template_name, skip)
  File "/Library/Frameworks/Python.framework/Versions/3.14/lib/python3.14/site-packages/django/template/loaders/base.py", line 28, in get_template
    return Template(
        contents,
    ...<2 lines>...
        self.engine,
    )
  File "/Library/Frameworks/Python.framework/Versions/3.14/lib/python3.14/site-packages/django/template/base.py", line 157, in __init__
    self.nodelist = self.compile_nodelist()
                    ~~~~~~~~~~~~~~~~~~~~~^^
  File "/Library/Frameworks/Python.framework/Versions/3.14/lib/python3.14/site-packages/django/template/base.py", line 199, in compile_nodelist
    nodelist = parser.parse()
  File "/Library/Frameworks/Python.framework/Versions/3.14/lib/python3.14/site-packages/django/template/base.py", line 585, in parse
    raise self.error(token, e)
  File "/Library/Frameworks/Python.framework/Versions/3.14/lib/python3.14/site-packages/django/template/base.py", line 583, in parse
    compiled_result = compile_func(self, token)
  File "/Library/Frameworks/Python.framework/Versions/3.14/lib/python3.14/site-packages/django/template/loader_tags.py", line 307, in do_extends
    nodelist = parser.parse()
  File "/Library/Frameworks/Python.framework/Versions/3.14/lib/python3.14/site-packages/django/template/base.py", line 585, in parse
    raise self.error(token, e)
  File "/Library/Frameworks/Python.framework/Versions/3.14/lib/python3.14/site-packages/django/template/base.py", line 583, in parse
    compiled_result = compile_func(self, token)
  File "/Library/Frameworks/Python.framework/Versions/3.14/lib/python3.14/site-packages/django/template/loader_tags.py", line 235, in do_block
    nodelist = parser.parse(("endblock",))
  File "/Library/Frameworks/Python.framework/Versions/3.14/lib/python3.14/site-packages/django/template/base.py", line 579, in parse
    self.invalid_block_tag(token, command, parse_until)
    ~~~~~~~~~~~~~~~~~~~~~~^^^^^^^^^^^^^^^^^^^^^^^^^^^^^
  File "/Library/Frameworks/Python.framework/Versions/3.14/lib/python3.14/site-packages/django/template/base.py", line 634, in invalid_block_tag
    raise self.error(
    ...<8 lines>...
    )
django.template.exceptions.TemplateSyntaxError: Template: /Users/suyogkhadka/Desktop/my website/bphotel/bphotel_project/app/templates/bphotel/home.html, Invalid block tag on line 32: 'static', expected 'endblock'. Did you forget to register or load this tag?
2026-02-06 17:01:43,480 - ERROR - "GET / HTTP/1.1" 500 175688
2026-02-06 17:02:06,767 - ERROR - Internal Server Error: /
Traceback (most recent call last):
  File "/Library/Frameworks/Python.framework/Versions/3.14/lib/python3.14/site-packages/django/template/base.py", line 577, in parse
    compile_func = self.tags[command]
                   ~~~~~~~~~^^^^^^^^^
KeyError: 'static'

During handling of the above exception, another exception occurred:

Traceback (most recent call last):
  File "/Library/Frameworks/Python.framework/Versions/3.14/lib/python3.14/site-packages/django/core/handlers/exception.py", line 55, in inner
    response = get_response(request)
  File "/Library/Frameworks/Python.framework/Versions/3.14/lib/python3.14/site-packages/django/core/handlers/base.py", line 198, in _get_response
    response = wrapped_callback(request, *callback_args, **callback_kwargs)
  File "/Users/suyogkhadka/Desktop/my website/bphotel/bphotel_project/app/views.py", line 29, in home
    return render(request,'bphotel/home.html')
  File "/Library/Frameworks/Python.framework/Versions/3.14/lib/python3.14/site-packages/django/shortcuts.py", line 25, in render
    content = loader.render_to_string(template_name, context, request, using=using)
  File "/Library/Frameworks/Python.framework/Versions/3.14/lib/python3.14/site-packages/django/template/loader.py", line 61, in render_to_string
    template = get_template(template_name, using=using)
  File "/Library/Frameworks/Python.framework/Versions/3.14/lib/python3.14/site-packages/django/template/loader.py", line 15, in get_template
    return engine.get_template(template_name)
           ~~~~~~~~~~~~~~~~~~~^^^^^^^^^^^^^^^
  File "/Library/Frameworks/Python.framework/Versions/3.14/lib/python3.14/site-packages/django/template/backends/django.py", line 79, in get_template
    return Template(self.engine.get_template(template_name), self)
                    ~~~~~~~~~~~~~~~~~~~~~~~~^^^^^^^^^^^^^^^
  File "/Library/Frameworks/Python.framework/Versions/3.14/lib/python3.14/site-packages/django/template/engine.py", line 186, in get_template
    template, origin = self.find_template(template_name)
                       ~~~~~~~~~~~~~~~~~~^^^^^^^^^^^^^^^
  File "/Library/Frameworks/Python.framework/Versions/3.14/lib/python3.14/site-packages/django/template/engine.py", line 159, in find_template
    template = loader.get_template(name, skip=skip)
  File "/Library/Frameworks/Python.framework/Versions/3.14/lib/python3.14/site-packages/django/template/loaders/cached.py", line 57, in get_template
    template = super().get_template(template_name, skip)
  File "/Library/Frameworks/Python.framework/Versions/3.14/lib/python3.14/site-packages/django/template/loaders/base.py", line 28, in get_template
    return Template(
        contents,
    ...<2 lines>...
        self.engine,
    )
  File "/Library/Frameworks/Python.framework/Versions/3.14/lib/python3.14/site-packages/django/template/base.py", line 157, in __init__
    self.nodelist = self.compile_nodelist()
                    ~~~~~~~~~~~~~~~~~~~~~^^
  File "/Library/Frameworks/Python.framework/Versions/3.14/lib/python3.14/site-packages/django/template/base.py", line 199, in compile_nodelist
    nodelist = parser.parse()
  File "/Library/Frameworks/Python.framework/Versions/3.14/lib/python3.14/site-packages/django/template/base.py", line 585, in parse
    raise self.error(token, e)
  File "/Library/Frameworks/Python.framework/Versions/3.14/lib/python3.14/site-packages/django/template/base.py", line 583, in parse
    compiled_result = compile_func(self, token)
  File "/Library/Frameworks/Python.framework/Versions/3.14/lib/python3.14/site-packages/django/template/loader_tags.py", line 307, in do_extends
    nodelist = parser.parse()
  File "/Library/Frameworks/Python.framework/Versions/3.14/lib/python3.14/site-packages/django/template/base.py", line 585, in parse
    raise self.error(token, e)
  File "/Library/Frameworks/Python.framework/Versions/3.14/lib/python3.14/site-packages/django/template/base.py", line 583, in parse
    compiled_result = compile_func(self, token)
  File "/Library/Frameworks/Python.framework/Versions/3.14/lib/python3.14/site-packages/django/template/loader_tags.py", line 235, in do_block
    nodelist = parser.parse(("endblock",))
  File "/Library/Frameworks/Python.framework/Versions/3.14/lib/python3.14/site-packages/django/template/base.py", line 579, in parse
    self.invalid_block_tag(token, command, parse_until)
    ~~~~~~~~~~~~~~~~~~~~~~^^^^^^^^^^^^^^^^^^^^^^^^^^^^^
  File "/Library/Frameworks/Python.framework/Versions/3.14/lib/python3.14/site-packages/django/template/base.py", line 634, in invalid_block_tag
    raise self.error(
    ...<8 lines>...
    )
django.template.exceptions.TemplateSyntaxError: Template: /Users/suyogkhadka/Desktop/my website/bphotel/bphotel_project/app/templates/bphotel/home.html, Invalid block tag on line 34: 'static', expected 'endblock'. Did you forget to register or load this tag?
2026-02-06 17:02:06,769 - ERROR - "GET / HTTP/1.1" 500 176060
2026-02-09 11:35:43,175 - ERROR - Invalid HTTP_HOST header: '127.0.0.1:8000'. You may need to add '127.0.0.1' to ALLOWED_HOSTS.
Traceback (most recent call last):
  File "/Library/Frameworks/Python.framework/Versions/3.14/lib/python3.14/site-packages/django/core/handlers/exception.py", line 55, in inner
    response = get_response(request)
  File "/Library/Frameworks/Python.framework/Versions/3.14/lib/python3.14/site-packages/django/utils/deprecation.py", line 308, in __call__
    response = self.process_request(request)
  File "/Library/Frameworks/Python.framework/Versions/3.14/lib/python3.14/site-packages/django/middleware/common.py", line 48, in process_request
    host = request.get_host()
  File "/Library/Frameworks/Python.framework/Versions/3.14/lib/python3.14/site-packages/django/http/request.py", line 205, in get_host
    raise DisallowedHost(msg)
django.core.exceptions.DisallowedHost: Invalid HTTP_HOST header: '127.0.0.1:8000'. You may need to add '127.0.0.1' to ALLOWED_HOSTS.
2026-02-09 11:36:06,153 - ERROR - Invalid HTTP_HOST header: '127.0.0.1:8000'. You may need to add '127.0.0.1' to ALLOWED_HOSTS.
Traceback (most recent call last):
  File "/Library/Frameworks/Python.framework/Versions/3.14/lib/python3.14/site-packages/django/core/handlers/exception.py", line 55, in inner
    response = get_response(request)
  File "/Library/Frameworks/Python.framework/Versions/3.14/lib/python3.14/site-packages/django/utils/deprecation.py", line 308, in __call__
    response = self.process_request(request)
  File "/Library/Frameworks/Python.framework/Versions/3.14/lib/python3.14/site-packages/django/middleware/common.py", line 48, in process_request
    host = request.get_host()
  File "/Library/Frameworks/Python.framework/Versions/3.14/lib/python3.14/site-packages/django/http/request.py", line 205, in get_host
    raise DisallowedHost(msg)
django.core.exceptions.DisallowedHost: Invalid HTTP_HOST header: '127.0.0.1:8000'. You may need to add '127.0.0.1' to ALLOWED_HOSTS.
2026-02-09 11:36:12,102 - ERROR - Invalid HTTP_HOST header: '127.0.0.1:8000'. You may need to add '127.0.0.1' to ALLOWED_HOSTS.
Traceback (most recent call last):
  File "/Library/Frameworks/Python.framework/Versions/3.14/lib/python3.14/site-packages/django/core/handlers/exception.py", line 55, in inner
    response = get_response(request)
  File "/Library/Frameworks/Python.framework/Versions/3.14/lib/python3.14/site-packages/django/utils/deprecation.py", line 308, in __call__
    response = self.process_request(request)
  File "/Library/Frameworks/Python.framework/Versions/3.14/lib/python3.14/site-packages/django/middleware/common.py", line 48, in process_request
    host = request.get_host()
  File "/Library/Frameworks/Python.framework/Versions/3.14/lib/python3.14/site-packages/django/http/request.py", line 205, in get_host
    raise DisallowedHost(msg)
django.core.exceptions.DisallowedHost: Invalid HTTP_HOST header: '127.0.0.1:8000'. You may need to add '127.0.0.1' to ALLOWED_HOSTS.
2026-02-09 11:36:12,119 - ERROR - Invalid HTTP_HOST header: '127.0.0.1:8000'. You may need to add '127.0.0.1' to ALLOWED_HOSTS.
Traceback (most recent call last):
  File "/Library/Frameworks/Python.framework/Versions/3.14/lib/python3.14/site-packages/django/core/handlers/exception.py", line 55, in inner
    response = get_response(request)
  File "/Library/Frameworks/Python.framework/Versions/3.14/lib/python3.14/site-packages/django/utils/deprecation.py", line 308, in __call__
    response = self.process_request(request)
  File "/Library/Frameworks/Python.framework/Versions/3.14/lib/python3.14/site-packages/django/middleware/common.py", line 48, in process_request
    host = request.get_host()
  File "/Library/Frameworks/Python.framework/Versions/3.14/lib/python3.14/site-packages/django/http/request.py", line 205, in get_host
    raise DisallowedHost(msg)
django.core.exceptions.DisallowedHost: Invalid HTTP_HOST header: '127.0.0.1:8000'. You may need to add '127.0.0.1' to ALLOWED_HOSTS.
2026-02-09 11:36:58,620 - ERROR - Invalid HTTP_HOST header: '127.0.0.1:8000'. You may need to add '127.0.0.1' to ALLOWED_HOSTS.
Traceback (most recent call last):
  File "/Library/Frameworks/Python.framework/Versions/3.14/lib/python3.14/site-packages/django/core/handlers/exception.py", line 55, in inner
    response = get_response(request)
  File "/Library/Frameworks/Python.framework/Versions/3.14/lib/python3.14/site-packages/django/utils/deprecation.py", line 308, in __call__
    response = self.process_request(request)
  File "/Library/Frameworks/Python.framework/Versions/3.14/lib/python3.14/site-packages/django/middleware/common.py", line 48, in process_request
    host = request.get_host()
  File "/Library/Frameworks/Python.framework/Versions/3.14/lib/python3.14/site-packages/django/http/request.py", line 205, in get_host
    raise DisallowedHost(msg)
django.core.exceptions.DisallowedHost: Invalid HTTP_HOST header: '127.0.0.1:8000'. You may need to add '127.0.0.1' to ALLOWED_HOSTS.
2026-02-09 11:36:59,584 - ERROR - Invalid HTTP_HOST header: '127.0.0.1:8000'. You may need to add '127.0.0.1' to ALLOWED_HOSTS.
Traceback (most recent call last):
  File "/Library/Frameworks/Python.framework/Versions/3.14/lib/python3.14/site-packages/django/core/handlers/exception.py", line 55, in inner
    response = get_response(request)
  File "/Library/Frameworks/Python.framework/Versions/3.14/lib/python3.14/site-packages/django/utils/deprecation.py", line 308, in __call__
    response = self.process_request(request)
  File "/Library/Frameworks/Python.framework/Versions/3.14/lib/python3.14/site-packages/django/middleware/common.py", line 48, in process_request
    host = request.get_host()
  File "/Library/Frameworks/Python.framework/Versions/3.14/lib/python3.14/site-packages/django/http/request.py", line 205, in get_host
    raise DisallowedHost(msg)
django.core.exceptions.DisallowedHost: Invalid HTTP_HOST header: '127.0.0.1:8000'. You may need to add '127.0.0.1' to ALLOWED_HOSTS.
2026-02-09 11:37:01,346 - ERROR - Invalid HTTP_HOST header: '127.0.0.1:8000'. You may need to add '127.0.0.1' to ALLOWED_HOSTS.
Traceback (most recent call last):
  File "/Library/Frameworks/Python.framework/Versions/3.14/lib/python3.14/site-packages/django/core/handlers/exception.py", line 55, in inner
    response = get_response(request)
  File "/Library/Frameworks/Python.framework/Versions/3.14/lib/python3.14/site-packages/django/utils/deprecation.py", line 308, in __call__
    response = self.process_request(request)
  File "/Library/Frameworks/Python.framework/Versions/3.14/lib/python3.14/site-packages/django/middleware/common.py", line 48, in process_request
    host = request.get_host()
  File "/Library/Frameworks/Python.framework/Versions/3.14/lib/python3.14/site-packages/django/http/request.py", line 205, in get_host
    raise DisallowedHost(msg)
django.core.exceptions.DisallowedHost: Invalid HTTP_HOST header: '127.0.0.1:8000'. You may need to add '127.0.0.1' to ALLOWED_HOSTS.
2026-02-09 12:58:53,746 - ERROR - Internal Server Error: /
Traceback (most recent call last):
  File "/Library/Frameworks/Python.framework/Versions/3.14/lib/python3.14/site-packages/django/core/handlers/exception.py", line 55, in inner
    response = get_response(request)
  File "/Library/Frameworks/Python.framework/Versions/3.14/lib/python3.14/site-packages/django/core/handlers/base.py", line 198, in _get_response
    response = wrapped_callback(request, *callback_args, **callback_kwargs)
  File "/Users/suyogkhadka/Desktop/my website/bphotel/bphotel_project/app/views.py", line 32, in home
    return render(request,'bphotel/home.html')
  File "/Library/Frameworks/Python.framework/Versions/3.14/lib/python3.14/site-packages/django/shortcuts.py", line 25, in render
    content = loader.render_to_string(template_name, context, request, using=using)
  File "/Library/Frameworks/Python.framework/Versions/3.14/lib/python3.14/site-packages/django/template/loader.py", line 62, in render_to_string
    return template.render(context, request)
           ~~~~~~~~~~~~~~~^^^^^^^^^^^^^^^^^^
  File "/Library/Frameworks/Python.framework/Versions/3.14/lib/python3.14/site-packages/django/template/backends/django.py", line 107, in render
    return self.template.render(context)
           ~~~~~~~~~~~~~~~~~~~~^^^^^^^^^
  File "/Library/Frameworks/Python.framework/Versions/3.14/lib/python3.14/site-packages/django/template/base.py", line 174, in render
    return self._render(context)
           ~~~~~~~~~~~~^^^^^^^^^
  File "/Library/Frameworks/Python.framework/Versions/3.14/lib/python3.14/site-packages/django/template/base.py", line 166, in _render
    return self.nodelist.render(context)
           ~~~~~~~~~~~~~~~~~~~~^^^^^^^^^
  File "/Library/Frameworks/Python.framework/Versions/3.14/lib/python3.14/site-packages/django/template/base.py", line 1091, in render
    return SafeString("".join([node.render_annotated(context) for node in self]))
                               ~~~~~~~~~~~~~~~~~~~~~^^^^^^^^^
  File "/Library/Frameworks/Python.framework/Versions/3.14/lib/python3.14/site-packages/django/template/base.py", line 1052, in render_annotated
    return self.render(context)
           ~~~~~~~~~~~^^^^^^^^^
  File "/Library/Frameworks/Python.framework/Versions/3.14/lib/python3.14/site-packages/django/template/loader_tags.py", line 160, in render
    return compiled_parent._render(context)
           ~~~~~~~~~~~~~~~~~~~~~~~^^^^^^^^^
  File "/Library/Frameworks/Python.framework/Versions/3.14/lib/python3.14/site-packages/django/template/base.py", line 166, in _render
    return self.nodelist.render(context)
           ~~~~~~~~~~~~~~~~~~~~^^^^^^^^^
  File "/Library/Frameworks/Python.framework/Versions/3.14/lib/python3.14/site-packages/django/template/base.py", line 1091, in render
    return SafeString("".join([node.render_annotated(context) for node in self]))
                               ~~~~~~~~~~~~~~~~~~~~~^^^^^^^^^
  File "/Library/Frameworks/Python.framework/Versions/3.14/lib/python3.14/site-packages/django/template/base.py", line 1052, in render_annotated
    return self.render(context)
           ~~~~~~~~~~~^^^^^^^^^
  File "/Library/Frameworks/Python.framework/Versions/3.14/lib/python3.14/site-packages/django/template/defaulttags.py", line 511, in render
    url = reverse(view_name, args=args, kwargs=kwargs, current_app=current_app)
  File "/Library/Frameworks/Python.framework/Versions/3.14/lib/python3.14/site-packages/django/urls/base.py", line 98, in reverse
    resolved_url = resolver._reverse_with_prefix(view, prefix, *args, **kwargs)
  File "/Library/Frameworks/Python.framework/Versions/3.14/lib/python3.14/site-packages/django/urls/resolvers.py", line 842, in _reverse_with_prefix
    raise NoReverseMatch(msg)
django.urls.exceptions.NoReverseMatch: Reverse for 'hom' not found. 'hom' is not a valid view function or pattern name.
2026-02-09 12:58:53,747 - ERROR - "GET / HTTP/1.1" 500 137764
